\BOOKMARK [0][-]{chapter.1}{\376\377\000I\000n\000t\000r\000o\000d\000u\000c\000t\000i\000o\000n}{}% 1
\BOOKMARK [0][-]{chapter.2}{\376\377\000L\000i\000t\000e\000r\000a\000t\000u\000r\000e\000\040\000R\000e\000v\000i\000e\000w}{}% 2
\BOOKMARK [1][-]{section.2.1}{\376\377\000F\000u\000t\000u\000r\000e\000\040\000I\000n\000f\000o\000r\000m\000a\000t\000i\000o\000n\000\040\000R\000e\000t\000r\000i\000e\000v\000a\000l}{chapter.2}% 3
\BOOKMARK [1][-]{section.2.2}{\376\377\000T\000i\000m\000e\000l\000i\000n\000e\000\040\000S\000u\000m\000m\000a\000r\000i\000z\000a\000t\000i\000o\000n}{chapter.2}% 4
\BOOKMARK [0][-]{chapter.3}{\376\377\000D\000a\000t\000a\000s\000e\000t}{}% 5
\BOOKMARK [1][-]{section.3.1}{\376\377\000S\000o\000u\000r\000c\000e\000s\000\040\000o\000f\000\040\000D\000a\000t\000a\000s\000e\000t}{chapter.3}% 6
\BOOKMARK [2][-]{subsection.3.1.1}{\376\377\000L\000O\000N\000G\000B\000E\000T\000S}{section.3.1}% 7
\BOOKMARK [2][-]{subsection.3.1.2}{\376\377\000H\000o\000r\000i\000z\000o\000n\000s}{section.3.1}% 8
\BOOKMARK [2][-]{subsection.3.1.3}{\376\377\000C\000h\000a\000t\000G\000P\000T}{section.3.1}% 9
\BOOKMARK [2][-]{subsection.3.1.4}{\376\377\000N\000e\000w\000s}{section.3.1}% 10
\BOOKMARK [1][-]{section.3.2}{\376\377\000A\000n\000n\000o\000t\000a\000t\000i\000o\000n\000\040\000o\000f\000\040\000F\000u\000t\000u\000r\000e\000-\000r\000e\000l\000a\000t\000e\000d\000\040\000S\000e\000n\000t\000e\000n\000c\000e\000s}{chapter.3}% 11
\BOOKMARK [0][-]{chapter.4}{\376\377\000C\000l\000a\000s\000s\000i\000f\000i\000e\000r}{}% 12
\BOOKMARK [1][-]{section.4.1}{\376\377\000T\000r\000a\000n\000s\000f\000o\000r\000m\000e\000r\000\040\000A\000r\000c\000h\000i\000t\000e\000c\000t\000u\000r\000e}{chapter.4}% 13
\BOOKMARK [2][-]{subsection.4.1.1}{\376\377\000S\000e\000l\000f\000-\000A\000t\000t\000e\000n\000t\000i\000o\000n}{section.4.1}% 14
\BOOKMARK [2][-]{subsection.4.1.2}{\376\377\000M\000u\000l\000t\000i\000-\000H\000e\000a\000d\000\040\000S\000e\000l\000f\000-\000A\000t\000t\000e\000n\000t\000i\000o\000n}{section.4.1}% 15
\BOOKMARK [1][-]{section.4.2}{\376\377\000B\000E\000R\000T}{chapter.4}% 16
\BOOKMARK [2][-]{subsection.4.2.1}{\376\377\000B\000a\000c\000k\000g\000r\000o\000u\000n\000d\000\040\000a\000n\000d\000\040\000M\000o\000t\000i\000v\000a\000t\000i\000o\000n}{section.4.2}% 17
\BOOKMARK [2][-]{subsection.4.2.2}{\376\377\000A\000r\000c\000h\000i\000t\000e\000c\000t\000u\000r\000e\000\040\000a\000n\000d\000\040\000I\000n\000n\000e\000r\000\040\000W\000o\000r\000k\000i\000n\000g\000s}{section.4.2}% 18
\BOOKMARK [2][-]{subsection.4.2.3}{\376\377\000P\000r\000e\000-\000t\000r\000a\000i\000n\000i\000n\000g}{section.4.2}% 19
\BOOKMARK [2][-]{subsection.4.2.4}{\376\377\000F\000i\000n\000e\000-\000t\000u\000n\000i\000n\000g}{section.4.2}% 20
\BOOKMARK [2][-]{subsection.4.2.5}{\376\377\000E\000v\000a\000l\000u\000a\000t\000i\000o\000n\000\040\000a\000n\000d\000\040\000P\000e\000r\000f\000o\000r\000m\000a\000n\000c\000e}{section.4.2}% 21
\BOOKMARK [1][-]{section.4.3}{\376\377\000R\000o\000B\000E\000R\000T\000a\000:\000\040\000R\000o\000b\000u\000s\000t\000l\000y\000\040\000O\000p\000t\000i\000m\000i\000z\000e\000d\000\040\000B\000E\000R\000T\000\040\000P\000r\000e\000t\000r\000a\000i\000n\000i\000n\000g\000\040\000A\000p\000p\000r\000o\000a\000c\000h}{chapter.4}% 22
\BOOKMARK [2][-]{subsection.4.3.1}{\376\377\000P\000r\000e\000-\000t\000r\000a\000i\000n\000i\000n\000g}{section.4.3}% 23
\BOOKMARK [2][-]{subsection.4.3.2}{\376\377\000E\000v\000a\000l\000u\000a\000t\000i\000o\000n\000\040\000a\000n\000d\000\040\000P\000e\000r\000f\000o\000r\000m\000a\000n\000c\000e}{section.4.3}% 24
\BOOKMARK [1][-]{section.4.4}{\376\377\000D\000i\000s\000t\000i\000l\000R\000o\000B\000E\000R\000T\000a}{chapter.4}% 25
\BOOKMARK [2][-]{subsection.4.4.1}{\376\377\000K\000n\000o\000w\000l\000e\000d\000g\000e\000\040\000D\000i\000s\000t\000i\000l\000l\000a\000t\000i\000o\000n}{section.4.4}% 26
\BOOKMARK [2][-]{subsection.4.4.2}{\376\377\000D\000i\000s\000t\000i\000l\000R\000o\000B\000E\000R\000T\000a}{section.4.4}% 27
\BOOKMARK [1][-]{section.4.5}{\376\377\000F\000i\000n\000e\000t\000u\000n\000e\000d\000\040\000D\000i\000s\000t\000i\000l\000R\000o\000B\000E\000R\000T\000a\000\040\000F\000o\000r\000\040\000B\000i\000n\000a\000r\000y\000\040\000F\000u\000t\000u\000r\000e\000-\000r\000e\000l\000a\000t\000e\000d\000\040\000S\000e\000n\000t\000e\000n\000c\000e\000\040\000C\000l\000a\000s\000s\000i\000f\000i\000c\000a\000t\000i\000o\000n}{chapter.4}% 28
\BOOKMARK [2][-]{subsection.4.5.1}{\376\377\000O\000p\000t\000i\000m\000i\000z\000e\000d\000\040\000T\000o\000k\000e\000n\000i\000z\000a\000t\000i\000o\000n\000\040\000f\000o\000r\000\040\000R\000e\000d\000u\000c\000e\000d\000\040\000C\000o\000m\000p\000l\000e\000x\000i\000t\000y}{section.4.5}% 29
\BOOKMARK [2][-]{subsection.4.5.2}{\376\377\000M\000e\000a\000n\000-\000P\000o\000o\000l\000i\000n\000g\000\040\000t\000h\000e\000\040\000D\000i\000s\000t\000i\000l\000R\000o\000B\000E\000R\000T\000a\000\040\000O\000u\000t\000p\000u\000t\000s}{section.4.5}% 30
\BOOKMARK [2][-]{subsection.4.5.3}{\376\377\000F\000e\000e\000d\000\040\000F\000o\000r\000w\000a\000r\000d\000\040\000F\000i\000n\000e\000-\000T\000u\000n\000i\000n\000g\000\040\000N\000e\000t\000w\000o\000r\000k}{section.4.5}% 31
\BOOKMARK [0][-]{chapter.5}{\376\377\000T\000o\000p\000i\000c\000\040\000M\000o\000d\000e\000l\000i\000n\000g}{}% 32
\BOOKMARK [1][-]{section.5.1}{\376\377\000S\000h\000o\000r\000t\000c\000o\000m\000i\000n\000g\000s\000\040\000o\000f\000\040\000C\000o\000n\000v\000e\000n\000t\000i\000o\000n\000a\000l\000\040\000M\000o\000d\000e\000l\000s}{chapter.5}% 33
\BOOKMARK [1][-]{section.5.2}{\376\377\000B\000E\000R\000T\000o\000p\000i\000c}{chapter.5}% 34
\BOOKMARK [2][-]{subsection.5.2.1}{\376\377\000D\000o\000c\000u\000m\000e\000n\000t\000\040\000E\000m\000b\000e\000d\000d\000i\000n\000g\000s}{section.5.2}% 35
\BOOKMARK [2][-]{subsection.5.2.2}{\376\377\000D\000o\000c\000u\000m\000e\000n\000t\000\040\000C\000l\000u\000s\000t\000e\000r\000i\000n\000g}{section.5.2}% 36
\BOOKMARK [2][-]{subsection.5.2.3}{\376\377\000T\000o\000p\000i\000c\000\040\000R\000e\000p\000r\000e\000s\000e\000n\000t\000a\000t\000i\000o\000n}{section.5.2}% 37
\BOOKMARK [2][-]{subsection.5.2.4}{\376\377\000C\000o\000n\000f\000i\000g\000u\000r\000a\000t\000i\000o\000n\000\040\000o\000f\000\040\000B\000E\000R\000T\000o\000p\000i\000c\000\040\000f\000o\000r\000\040\000F\000u\000t\000u\000r\000e\000-\000r\000e\000l\000a\000t\000e\000d\000\040\000S\000e\000n\000t\000e\000n\000c\000e\000\040\000C\000l\000u\000s\000t\000e\000r\000i\000n\000g}{section.5.2}% 38
\BOOKMARK [0][-]{chapter.6}{\376\377\000T\000e\000m\000p\000o\000r\000a\000l\000\040\000E\000x\000p\000r\000e\000s\000s\000i\000o\000n\000\040\000I\000d\000e\000n\000t\000i\000f\000i\000c\000a\000t\000i\000o\000n\000\040\000a\000n\000d\000\040\000E\000x\000t\000r\000a\000c\000t\000i\000o\000n}{}% 39
\BOOKMARK [1][-]{section.6.1}{\376\377\000S\000U\000T\000i\000m\000e\000\040\000-\000\040\000T\000e\000m\000p\000o\000r\000a\000l\000\040\000T\000a\000g\000g\000e\000r}{chapter.6}% 40
\BOOKMARK [2][-]{subsection.6.1.1}{\376\377\000I\000n\000n\000e\000r\000\040\000W\000o\000r\000k\000i\000n\000g\000s}{section.6.1}% 41
\BOOKMARK [2][-]{subsection.6.1.2}{\376\377\000L\000i\000m\000i\000t\000a\000t\000i\000o\000n\000s}{section.6.1}% 42
\BOOKMARK [2][-]{subsection.6.1.3}{\376\377\000C\000o\000m\000p\000a\000r\000a\000t\000i\000v\000e\000\040\000A\000n\000a\000l\000y\000s\000i\000s\000\040\000o\000f\000\040\000S\000U\000T\000i\000m\000e\000\040\000A\000g\000a\000i\000n\000s\000t\000\040\000O\000t\000h\000e\000r\000\040\000T\000e\000m\000p\000o\000r\000a\000l\000\040\000T\000a\000g\000g\000i\000n\000g\000\040\000S\000y\000s\000t\000e\000m\000s}{section.6.1}% 43
\BOOKMARK [0][-]{chapter.7}{\376\377\000S\000y\000s\000t\000e\000m\000\040\000I\000m\000p\000l\000e\000m\000e\000n\000t\000a\000t\000i\000o\000n\000\040\000a\000n\000d\000\040\000A\000r\000c\000h\000i\000t\000e\000c\000t\000u\000r\000e}{}% 44
\BOOKMARK [1][-]{section.7.1}{\376\377\000F\000r\000o\000n\000t\000e\000n\000d\000\040\000I\000m\000p\000l\000e\000m\000e\000n\000t\000a\000t\000i\000o\000n}{chapter.7}% 45
\BOOKMARK [2][-]{subsection.7.1.1}{\376\377\000F\000r\000o\000n\000t\000e\000n\000d\000\040\000F\000r\000a\000m\000e\000w\000o\000r\000k\000\040\000S\000e\000l\000e\000c\000t\000i\000o\000n}{section.7.1}% 46
\BOOKMARK [2][-]{subsection.7.1.2}{\376\377\000U\000I\000\040\000D\000e\000s\000i\000g\000n\000\040\000a\000n\000d\000\040\000L\000a\000y\000o\000u\000t}{section.7.1}% 47
\BOOKMARK [2][-]{subsection.7.1.3}{\376\377\000I\000n\000t\000e\000r\000a\000c\000t\000i\000o\000n\000\040\000w\000i\000t\000h\000\040\000t\000h\000e\000\040\000B\000a\000c\000k\000e\000n\000d}{section.7.1}% 48
\BOOKMARK [1][-]{section.7.2}{\376\377\000B\000a\000c\000k\000e\000n\000d\000\040\000I\000m\000p\000l\000e\000m\000e\000n\000t\000a\000t\000i\000o\000n}{chapter.7}% 49
\BOOKMARK [2][-]{subsection.7.2.1}{\376\377\000D\000j\000a\000n\000g\000o\000\040\000F\000r\000a\000m\000e\000w\000o\000r\000k}{section.7.2}% 50
\BOOKMARK [2][-]{subsection.7.2.2}{\376\377\000D\000a\000t\000a\000\040\000R\000e\000t\000r\000i\000e\000v\000a\000l}{section.7.2}% 51
\BOOKMARK [2][-]{subsection.7.2.3}{\376\377\000P\000r\000e\000p\000r\000o\000c\000e\000s\000s\000i\000n\000g}{section.7.2}% 52
\BOOKMARK [2][-]{subsection.7.2.4}{\376\377\000C\000l\000a\000s\000s\000i\000f\000i\000c\000a\000t\000i\000o\000n}{section.7.2}% 53
\BOOKMARK [2][-]{subsection.7.2.5}{\376\377\000T\000o\000p\000i\000c\000\040\000M\000o\000d\000e\000l\000i\000n\000g\000\040\000a\000n\000d\000\040\000P\000o\000s\000t\000p\000r\000o\000c\000e\000s\000s\000i\000n\000g}{section.7.2}% 54
\BOOKMARK [2][-]{subsection.7.2.6}{\376\377\000T\000i\000m\000e\000-\000T\000a\000g\000g\000i\000n\000g}{section.7.2}% 55
\BOOKMARK [0][-]{chapter.8}{\376\377\000E\000v\000a\000l\000u\000a\000t\000i\000o\000n}{}% 56
\BOOKMARK [0][-]{chapter.9}{\376\377\000C\000o\000n\000c\000l\000u\000s\000i\000o\000n}{}% 57
